Type de synchronisation : Synchronisation complète…	09/07/2019 12:30:01
09/07/2019 12:30:01	0.227	{niKo[piK]}	http://www.nikopik.com/feed
09/07/2019 12:30:01	0.250	☠ Bluetouff&#039;s blog	https://bluetouff.com/?feed=r&hellip;
09/07/2019 12:30:02	0.492	20Minutes - Une	http://www.20minutes.fr/rss/u&hellip;
09/07/2019 12:30:02	0.100	9GAG RSS feed	http://www.9gag-rss-feed.ovh/&hellip;
09/07/2019 12:30:02	0.300	A Rat and a Bat	http://ratandbat.blogspot.com&hellip;
09/07/2019 12:30:02	0.200	AATheTrees	https://www.youtube.com/feeds&hellip;
09/07/2019 12:30:03	0.267	ab absurdo	https://absurdo.lapin.org/flu&hellip;
09/07/2019 12:30:03	0.443	Actualitt&eacute; - Une page de cara&hellip;	https://www.actualitte.com/fl&hellip;
09/07/2019 12:30:04	0.379	AliceCooperVEVO	https://www.youtube.com/feeds&hellip;
09/07/2019 12:30:04	0.283	Alors voilà.	http://www.alorsvoila.com/feed
09/07/2019 12:30:04	0.247	Amon Amarth	https://www.youtube.com/feeds&hellip;
09/07/2019 12:30:04	0.108	Anaïs De Graaf	https://www.youtube.com/feeds&hellip;
09/07/2019 12:30:04	0.267	Ansible Blog	https://www.ansible.com/blog/&hellip;
09/07/2019 12:30:05	0.375	Apache Infrastructure Team	https://blogs.apache.org/infr&hellip;
09/07/2019 12:30:05	0.250	Assignée garçon	http://assigneegarcon.tumblr.&hellip;
09/07/2019 12:30:06	0.442	ASSOCIATION STOP HOMOPHOBIE |&hellip;	https://www.stophomophobie.co&hellip;
09/07/2019 12:30:06	0.267	Authueil	http://authueil.fr/feed/rss2
09/07/2019 12:30:06	0.200	AvatarVEVO	https://www.youtube.com/feeds&hellip;
09/07/2019 12:30:06	0.375	Blog Alsacr&eacute;ations : XHTML, C&hellip;	http://www.alsacreations.com/&hellip;
09/07/2019 12:30:07	0.575	Blog de Stéphane Bortzmeyer	http://www.bortzmeyer.org/fee&hellip;
09/07/2019 12:30:07	0.300	blog.CentOS.org	https://blog.centos.org/feed/
09/07/2019 12:30:07	0.209	Blood is the new Black	http://bloodisthenewblack.fr/&hellip;
09/07/2019 12:30:08	0.317	Blood is the new Black	https://www.youtube.com/feeds&hellip;
09/07/2019 12:30:08	0.334	Bookeen Blog Fr » Actualités	https://blog.bookeen.fr/feed/
09/07/2019 12:30:09	0.467	Bored Panda	http://www.boredpanda.com/fee&hellip;
09/07/2019 12:30:09	0.359	Boules de Fourrure	http://www.boulesdefourrure.f&hellip;
09/07/2019 12:30:09	0.317	Bragelonne : le blog !	https://medium.com/feed/brage&hellip;
09/07/2019 12:30:09	0.186	BrotherFiretribeVEVO	https://www.youtube.com/feeds&hellip;
09/07/2019 12:30:10	0.940	BUG BROTHER	http://bugbrother.blog.lemond&hellip;
09/07/2019 12:30:11	0.367	Carnet Web de Pascal	http://www.chevrel.org/fr/car&hellip;
09/07/2019 12:30:11	0.517	Cécile Duquenne	https://cecileduquenne.com/fe&hellip;
09/07/2019 12:30:11	0.250	Cendriers	https://cendriers.wordpress.c&hellip;
09/07/2019 12:30:12	0.267	Charlie's Diary	http://www.antipope.org/charl&hellip;
09/07/2019 12:30:12	0.275	Clients From Hell	http://clientsfromhell.net/rss
09/07/2019 12:30:12	0.075	Commentaires pour Paye ta blo&hellip;	https://payetablouse.fr/comme&hellip;
09/07/2019 12:30:12	0.242	CommitStrip - Blog relating t&hellip;	http://www.commitstrip.com/fr&hellip;
09/07/2019 12:30:13	0.567	Contrepoints	http://www.contrepoints.org/b&hellip;
09/07/2019 12:30:13	0.451	coreight.com	http://feeds.feedburner.com/c&hellip;
09/07/2019 12:30:14	0.542	Coulisses de Bruxelles, UE	http://bruxelles.blogs.libera&hellip;
09/07/2019 12:30:14	0.250	Cyroul.com	http://www.cyroul.com/feed/
09/07/2019 12:30:14	0.267	Dealabs.com : Tous les nouvea&hellip;	http://www.dealabs.com/rss/ne&hellip;
09/07/2019 12:30:15	0.309	Developpez.com, le club des d&hellip;	https://www.developpez.com/in&hellip;
09/07/2019 12:30:15	0.150	Dilbert	https://bridge.neurozone.fr/?&hellip;
09/07/2019 12:30:15	0.242	Dix lunes	http://10lunes.com/feed/
09/07/2019 12:30:15	0.192	Donjon de Naheulbeuk	http://www.penofchaos.com/nah&hellip;
09/07/2019 12:30:16	0.225	Dropkick Murphys	https://www.youtube.com/feeds&hellip;
09/07/2019 12:30:16	0.284	Embruns	http://navire.net/feed/atom
09/07/2019 12:30:16	0.175	Explosm.net	http://feeds.feedburner.com/E&hellip;
09/07/2019 12:30:16	0.300	Extra Fabulous Comics	http://extrafabulouscomics.co&hellip;
09/07/2019 12:30:17	0.275	fără titlu ☂	http://c-cassandra.tumblr.com&hellip;
09/07/2019 12:30:17	0.225	FASTANDFOOD	http://www.fastandfood.fr/fee&hellip;
09/07/2019 12:30:17	0.342	femme-outil	https://femme-outil.blogspot.&hellip;
09/07/2019 12:30:17	0.208	Flogging Molly	https://www.youtube.com/feeds&hellip;
09/07/2019 12:30:18	0.183	FlorYann K	https://www.youtube.com/feeds&hellip;
09/07/2019 12:30:18	0.875	Framablog	http://framablog.org/index.ph&hellip;
09/07/2019 12:30:19	0.409	Framboise 314, le Raspberry P&hellip;	http://www.framboise314.fr/fe&hellip;
09/07/2019 12:30:19	0.492	FredCavazza.net - Usages num&eacute;&hellip;	http://www.fredcavazza.net/fe&hellip;
09/07/2019 12:30:20	0.542	girls and geeks	http://www.girlsandgeeks.com/&hellip;
09/07/2019 12:30:20	0.292	Glazblog	http://glazman.org/weblog/dot&hellip;
09/07/2019 12:30:21	0.392	Global Voices en Français	https://fr.globalvoices.org/f&hellip;
09/07/2019 12:30:21	0.292	Grange Blanche 2	http://grangeblanche.com/feed/
09/07/2019 12:30:21	0.234	GuruMeditation	https://www.gurumed.org/feed/
09/07/2019 12:30:22	0.542	Hashtable	http://h16free.com/feed
09/07/2019 12:30:22	0.217	Hmm-le-rss	http://hmm-la-bd.eu/rss/
09/07/2019 12:30:22	0.267	HumbleBundle Blog	http://blog.humblebundle.com/&hellip;
09/07/2019 12:30:22	0.225	IdleBlog	http://blog.idleman.fr/feed/
09/07/2019 12:30:23	0.309	Imposteurs	http://imposteurs.over-blog.c&hellip;
09/07/2019 12:30:23	0.575	Je quitte la sécu	http://jequittelasecu.blogspo&hellip;
09/07/2019 12:30:23	0.250	Joe La Pompe advertising, pub&hellip;	http://www.joelapompe.net/fee&hellip;
09/07/2019 12:30:24	0.392	Journal d'un avocat	http://www.maitre-eolas.fr/rs&hellip;
09/07/2019 12:30:24	0.384	Jy[B]log	http://ljouanneau.com/blog/fe&hellip;
09/07/2019 12:30:24	0.192	KOMITID	https://www.komitid.fr/feed/
09/07/2019 12:30:25	0.259	Korben	http://korben.info/feed
09/07/2019 12:30:25	0.217	korii.	https://korii.slate.fr/rss.xml
09/07/2019 12:30:25	0.309	Kozeries en dilettante	http://www.kozlika.org/kozeri&hellip;
09/07/2019 12:30:25	0.250	Koztoujours	http://feeds.feedburner.com/K&hellip;
09/07/2019 12:30:26	0.250	L'actu en patates	http://vidberg.blog.lemonde.f&hellip;
09/07/2019 12:30:26	0.242	L'H&eacute;r&eacute;tique (D&eacute;mocratie et h&eacute;&hellip;	http://heresie.hautetfort.com&hellip;
09/07/2019 12:30:26	0.350	La Carte de la Maraudeuse	http://gabytrompelamor.livejo&hellip;
09/07/2019 12:30:27	0.375	La Plume d'Aliocha	http://laplumedaliocha.wordpr&hellip;
09/07/2019 12:30:27	0.200	La Tronche en Biais	https://www.youtube.com/feeds&hellip;
09/07/2019 12:30:27	0.584	Le blog d&#039;éconoclaste	http://econoclaste.eu/econocl&hellip;
09/07/2019 12:30:28	0.358	le blog de theoliane	http://theoliane.blogspot.com&hellip;
09/07/2019 12:30:28	0.300	Le flux RSS DTC	https://bridge.suumitsu.eu/?a&hellip;
09/07/2019 12:30:28	0.250	le hollandais volant	http://lehollandaisvolant.net&hellip;
09/07/2019 12:30:29	0.325	le hollandais volant full	http://lehollandaisvolant.net&hellip;
09/07/2019 12:30:29	0.217	Le Jugement Premier	https://www.youtube.com/feeds&hellip;
09/07/2019 12:30:29	0.500	Le petit Monde de Baldur Von &hellip;	http://baldurvonchachat.blogs&hellip;
09/07/2019 12:30:30	0.300	Le Pharmachien	http://lepharmachien.com/feed/
09/07/2019 12:30:30	0.358	Les 400 culs	http://sexes.blogs.liberation&hellip;
09/07/2019 12:30:30	0.225	Les Céréales du Dimanche Matin	http://cereales.lapin.org/flu&hellip;
09/07/2019 12:30:31	0.275	Les d&eacute;codeurs : Toute l'actua&hellip;	http://www.lemonde.fr/les-dec&hellip;
09/07/2019 12:30:31	0.400	Les Derniers Ebooks Bit Lit	http://www.ebooks-gratuit.com&hellip;
09/07/2019 12:30:32	0.525	Les Derniers Ebooks Fantasy	http://www.ebooks-gratuit.com&hellip;
http://www.ebooks-gratuit.com/rss-fantasy.php is invalid XML, likely due to invalid characters. XML error: Reserved XML Name at line 1, column 47
09/07/2019 12:30:32	0.525	Les Derniers Ebooks Science F&hellip;	http://www.ebooks-gratuit.com&hellip;
09/07/2019 12:30:32	0.434	Les Kassos	https://www.youtube.com/feeds&hellip;
09/07/2019 12:30:33	0.467	Les Pirates de l'Escroc-Griffe	http://escroc-griffe.com/feed/
09/07/2019 12:30:34	1.151	Les R&eacute;-cr&eacute;ations de l'apprent&hellip;	https://nanna-ogg.blogspot.co&hellip;
09/07/2019 12:30:34	0.267	Libre et ouvert	http://libre-ouvert.toile-lib&hellip;
09/07/2019 12:30:35	0.586	Liens en vrac de sebsauvage	http://sebsauvage.net/links/?&hellip;
09/07/2019 12:30:35	0.348	Lindemann Official	https://www.youtube.com/feeds&hellip;
09/07/2019 12:30:37	1.634	LinuxFr.org : les dépêches	http://linuxfr.org/news.atom
09/07/2019 12:30:37	0.434	Louis Naugès	http://nauges.typepad.com/my_&hellip;
09/07/2019 12:30:38	0.558	Lunarbaboon	http://www.lunarbaboon.com/co&hellip;
cURL error 22: The requested URL returned error: 403 Forbidden
09/07/2019 12:30:38	0.192	mae & le web	https://mae.ovh/blog/feed/
09/07/2019 12:30:39	0.484	MAGOYOND	https://www.youtube.com/feeds&hellip;
09/07/2019 12:30:39	0.784	Maicalya	http://www.maicalya.fr/index.&hellip;
http://www.maicalya.fr/index.php/feed/atom is invalid XML, likely due to invalid characters. XML error: Undeclared entity error at line 425, column 53
09/07/2019 12:30:40	0.200	Maître Mô	http://feeds.feedburner.com/M&hellip;
09/07/2019 12:30:40	0.200	MariaDB.org	https://mariadb.org/feed/
09/07/2019 12:30:40	0.309	Mascotte, le chaton des Enfers	http://chatondesenfers.blogsp&hellip;
09/07/2019 12:30:40	0.275	Menage a 3	http://www.ma3comic.com/comic&hellip;
09/07/2019 12:30:41	0.250	meowbulle - Instagram Bridge	https://bridge.neurozone.fr/?&hellip;
09/07/2019 12:30:41	0.275	MetalManiaX	http://www.metalmaniax.fr/rss&hellip;
09/07/2019 12:30:41	0.317	Milady : le blog !	https://medium.com/feed/editi&hellip;
09/07/2019 12:30:41	0.200	MixCloud - GhostWaveRadio	https://bridge.neurozone.fr/?&hellip;
09/07/2019 12:30:42	0.258	Motherboard	http://motherboard.vice.com/f&hellip;
09/07/2019 12:30:42	0.286	MrAntoineDaniel	https://www.youtube.com/feeds&hellip;
09/07/2019 12:30:43	0.590	MySQL Performance Blog	http://www.mysqlperformancebl&hellip;
09/07/2019 12:30:43	0.217	MySQL Server Blog	http://mysqlserverteam.com/fe&hellip;
09/07/2019 12:30:44	1.059	Nalye	http://www.nalye.fr/index.php&hellip;
http://www.nalye.fr/index.php/feed/rss2 is invalid XML, likely due to invalid characters. XML error: Undeclared entity error at line 135, column 185
09/07/2019 12:30:44	0.351	Napalm Records	https://www.youtube.com/feeds&hellip;
09/07/2019 12:30:44	0.184	NAR - Friendly - Stories Abou&hellip;	https://bridge.neurozone.fr/?&hellip;
09/07/2019 12:30:45	0.183	NAR - Health - Stories About &hellip;	https://bridge.neurozone.fr/?&hellip;
09/07/2019 12:30:45	0.183	NAR - Hopeless - Feel Good &amp; &hellip;	https://bridge.neurozone.fr/?&hellip;
09/07/2019 12:30:45	0.192	NAR - Learning - Funny Quotes&hellip;	https://bridge.neurozone.fr/?&hellip;
09/07/2019 12:30:45	0.183	NAR - Legal - Legal Archives	https://bridge.neurozone.fr/?&hellip;
09/07/2019 12:30:45	0.183	NAR - Related - Funny Family &hellip;	https://bridge.neurozone.fr/?&hellip;
09/07/2019 12:30:45	0.183	NAR - Right - Funny &amp; Stupid &hellip;	https://bridge.neurozone.fr/?&hellip;
09/07/2019 12:30:46	0.183	NAR - Romantic - Funny love S&hellip;	https://bridge.neurozone.fr/?&hellip;
09/07/2019 12:30:46	0.175	NAR - Unfiltered 	https://bridge.neurozone.fr/?&hellip;
09/07/2019 12:30:46	0.201	NAR - Working - Bad customer &hellip;	https://bridge.neurozone.fr/?&hellip;
09/07/2019 12:30:46	0.220	Nem and the city	https://nemandthecity.wordpre&hellip;
09/07/2019 12:30:47	0.355	Never give up !	http://www.jmp.net/feed/
09/07/2019 12:30:47	0.334	Next Stage	https://www.next-stage.fr/feed
09/07/2019 12:30:47	0.451	Nick Cave &amp; The Bad Seeds	https://www.youtube.com/feeds&hellip;
09/07/2019 12:30:48	0.325	Nuclear Blast Records	https://www.youtube.com/feeds&hellip;
09/07/2019 12:30:48	0.208	ObskureMag	https://www.obskure.com/fil-r&hellip;
09/07/2019 12:30:48	0.334	Oglaf	http://oglaf.lapin.org/fluxrs&hellip;
09/07/2019 12:30:49	0.952	Oglaf! -- Comics. Often dirty.	http://oglaf.com/feeds/rss/
09/07/2019 12:30:50	0.351	Openweb.eu.org	http://openweb.eu.org/spip.ph&hellip;
09/07/2019 12:30:50	0.300	OVH Blog	https://www.ovh.com/fr/blog/f&hellip;
09/07/2019 12:30:50	0.417	Palmashow	https://www.youtube.com/feeds&hellip;
09/07/2019 12:30:51	0.410	PAYE TA FAC	https://payetafac.tumblr.com/&hellip;
09/07/2019 12:30:51	0.409	PAYE TA POLICE	https://payetapolice.tumblr.c&hellip;
09/07/2019 12:30:51	0.334	PAYE TA SHNEK	http://payetashnek.tumblr.com&hellip;
09/07/2019 12:30:52	0.392	PAYE TON GYNECO	https://payetongyneco.tumblr.&hellip;
09/07/2019 12:30:52	0.367	PAYE TON TAF	http://payetontaf.tumblr.com/&hellip;
09/07/2019 12:30:53	0.467	PC INpact	http://www.pcinpact.com/inclu&hellip;
09/07/2019 12:30:53	0.200	Per Kelt	https://www.youtube.com/feeds&hellip;
09/07/2019 12:30:53	0.258	Perséphone et Cthulhu	https://persephoneetcthulhu.w&hellip;
09/07/2019 12:30:54	0.517	Planet Libre	http://www.planet-libre.org/f&hellip;
09/07/2019 12:30:55	1.268	Planet MySQL	http://planet.mysql.com/rss20&hellip;
09/07/2019 12:30:55	0.458	Planet PostgreSQL	http://planet.postgresql.org/&hellip;
09/07/2019 12:30:56	0.933	Planet PostgreSQLFR	http://planete.postgresql.fr/&hellip;
09/07/2019 12:30:57	0.550	Psychotherapeute	http://psychotherapeute.blogs&hellip;
09/07/2019 12:30:57	0.184	Rammstein Official	https://www.youtube.com/feeds&hellip;
09/07/2019 12:30:57	0.192	RandoWis	https://randowis.com/feed/
09/07/2019 12:30:58	0.334	Reflets	http://reflets.info/feed/
09/07/2019 12:30:58	0.517	Remi's RPM repository - Blog	https://blog.remirepo.net/fee&hellip;
09/07/2019 12:30:58	0.275	Rore... Tais toi!	http://rorechut.canalblog.com&hellip;
09/07/2019 12:30:59	0.267	Sam & Max	http://sametmax.com/feed/
09/07/2019 12:30:59	0.242	Sarah&#039;s Scribbles	http://sarahcandersen.com/rss
09/07/2019 12:30:59	0.425	Saturday Morning Breakfast Ce&hellip;	http://www.smbc-comics.com/rs&hellip;
09/07/2019 12:31:00	0.475	Scandinavia and the World	http://feeds.feedburner.com/s&hellip;
09/07/2019 12:31:00	0.301	Se Coucher Moins Bête Bridge	https://bridge.suumitsu.eu/?a&hellip;
09/07/2019 12:31:00	0.434	Server & Management Blogs	http://sxp.microsoft.com/feed&hellip;
09/07/2019 12:31:01	0.242	Silicon.fr	http://www.silicon.fr/feed
09/07/2019 12:31:01	0.200	SiouxsieBansheesVEVO	https://www.youtube.com/feeds&hellip;
09/07/2019 12:31:01	0.275	Slashdot	http://rss.slashdot.org/Slash&hellip;
09/07/2019 12:31:01	0.250	slate	http://www.slate.fr/rss.xml
09/07/2019 12:31:02	0.258	SQL Server Blog	https://blogs.technet.microso&hellip;
09/07/2019 12:31:02	0.300	Standblog	http://standblog.org/blog/fee&hellip;
09/07/2019 12:31:02	0.157	Strak.ch | Actu et liens en v&hellip;	http://liens.strak.ch/?do=rss
cURL error 56: Recv failure: Connection reset by peer
09/07/2019 12:31:03	0.434	TÊTU	http://tetu.com/feed/
09/07/2019 12:31:03	0.451	TÊTU	https://tetu.com/feed/
09/07/2019 12:31:03	0.226	The Awkward Yeti	http://theawkwardyeti.com/fee&hellip;
09/07/2019 12:31:04	0.308	The Daily WTF	http://syndication.thedailywt&hellip;
09/07/2019 12:31:04	0.300	The Devil's Panties	http://thedevilspanties.com/f&hellip;
09/07/2019 12:31:04	0.292	Tinder surprise	http://www.nouvelobs.com/rue8&hellip;
09/07/2019 12:31:05	0.484	Une tétine dans le coeur	http://aspexplorer.livejourna&hellip;
09/07/2019 12:31:05	0.434	Unspeakable Vault (of Doom)	http://www.goominet.com/unspe&hellip;
09/07/2019 12:31:05	0.267	VICE	https://www.vice.com/fr/rss
09/07/2019 12:31:06	0.559	Wanderlust	http://lennrandir.blogspot.co&hellip;
09/07/2019 12:31:06	0.142	Warrior du Dimanche	http://warriordudimanche.net/&hellip;
cURL error 56: Recv failure: Connection reset by peer
09/07/2019 12:31:06	0.233	WebAgencyFail	http://www.webagencyfail.com/&hellip;
09/07/2019 12:31:07	0.626	WendyWarrior's battlefield	https://wendywarrior-battlefi&hellip;
09/07/2019 12:31:07	0.176	What If?	http://what-if.xkcd.com/feed.&hellip;
09/07/2019 12:31:07	0.259	Windows Server Blog	https://blogs.technet.microso&hellip;
09/07/2019 12:31:08	0.300	Wireless	https://www.skyminds.net/feed/
09/07/2019 12:31:08	0.209	WTF Facts : funny, interestin&hellip;	http://wtffunfact.com/rss
09/07/2019 12:31:08	0.192	xkcd - fr	https://xkcd.lapin.org/fluxrs&hellip;
09/07/2019 12:31:08	0.158	xkcd.com	http://xkcd.com/rss.xml
09/07/2019 12:31:08	0.208	Yagg	http://yagg.com/feed/atom/
09/07/2019 12:31:09	0.284	yeKblog	http://yeknan.free.fr/dc2/ind&hellip;
09/07/2019 12:31:09	0.259	YODABLOG	http://www.yodablog.net/?feed&hellip;
09/07/2019 12:31:10	0.546	Zythom - Blog d'un informatic&hellip;	http://zythom.blogspot.com/fe&hellip;
	6	erreur(s)
	190	bon(s)
	196	au total
	09/07/2019 12:31:10
	0
	68.718	secondes
