[2019-11-19 20:19:34] influxLogger.INFO: before [] []
[2019-11-19 20:19:34] influxLogger.INFO: / [] []
[2019-11-19 20:19:34] influxLogger.INFO:  [] []
[2019-11-19 20:19:34] influxLogger.INFO: GET [] []
[2019-11-19 20:19:34] influxLogger.INFO: dev.neurozone.fr [] []
[2019-11-19 20:19:34] influxLogger.INFO: before [] []
[2019-11-19 20:19:34] influxLogger.INFO: /login [] []
[2019-11-19 20:19:34] influxLogger.INFO:  [] []
[2019-11-19 20:19:34] influxLogger.INFO: GET [] []
[2019-11-19 20:19:34] influxLogger.INFO: dev.neurozone.fr [] []
[2019-11-19 20:19:34] influxLogger.INFO: on passe dans ce before [] []
[2019-11-19 20:19:35] influxLogger.INFO: before [] []
[2019-11-19 20:19:35] influxLogger.INFO: /templates/influx/js/adminlte.min.js [] []
[2019-11-19 20:19:35] influxLogger.INFO:  [] []
[2019-11-19 20:19:35] influxLogger.INFO: GET [] []
[2019-11-19 20:19:35] influxLogger.INFO: dev.neurozone.fr [] []
[2019-11-19 20:19:35] influxLogger.INFO: before [] []
[2019-11-19 20:19:35] influxLogger.INFO: /template/influx/js/icheck.min.js [] []
[2019-11-19 20:19:35] influxLogger.INFO:  [] []
[2019-11-19 20:19:35] influxLogger.INFO: GET [] []
[2019-11-19 20:19:35] influxLogger.INFO: dev.neurozone.fr [] []
[2019-11-19 20:19:35] influxLogger.INFO: before [] []
[2019-11-19 20:19:35] influxLogger.INFO: /login [] []
[2019-11-19 20:19:35] influxLogger.INFO:  [] []
[2019-11-19 20:19:35] influxLogger.INFO: GET [] []
[2019-11-19 20:19:35] influxLogger.INFO: dev.neurozone.fr [] []
[2019-11-19 20:19:35] influxLogger.INFO: on passe dans ce before [] []
[2019-11-19 20:19:35] influxLogger.INFO: before [] []
[2019-11-19 20:19:35] influxLogger.INFO: /login [] []
[2019-11-19 20:19:35] influxLogger.INFO:  [] []
[2019-11-19 20:19:35] influxLogger.INFO: GET [] []
[2019-11-19 20:19:35] influxLogger.INFO: dev.neurozone.fr [] []
[2019-11-19 20:19:35] influxLogger.INFO: on passe dans ce before [] []
[2019-11-19 20:19:46] influxLogger.INFO: before [] []
[2019-11-19 20:19:46] influxLogger.INFO: /login [] []
[2019-11-19 20:19:46] influxLogger.INFO:  [] []
[2019-11-19 20:19:46] influxLogger.INFO: POST [] []
[2019-11-19 20:19:46] influxLogger.INFO: dev.neurozone.fr [] []
[2019-11-19 20:19:46] influxLogger.INFO: on passe dans ce before [] []
[2019-11-19 20:19:46] influxLogger.INFO: Bon password [] []
[2019-11-19 20:19:46] influxLogger.INFO: before [] []
[2019-11-19 20:19:46] influxLogger.INFO: / [] []
[2019-11-19 20:19:46] influxLogger.INFO: Florianne [] []
[2019-11-19 20:19:46] influxLogger.INFO: GET [] []
[2019-11-19 20:19:46] influxLogger.INFO: dev.neurozone.fr [] []
[2019-11-19 20:19:46] influxLogger.INFO: on passe dans ce before [] []
[2019-11-19 20:21:52] influxLogger.INFO: before [] []
[2019-11-19 20:21:52] influxLogger.INFO: /templates/influx/css/favicon.png [] []
[2019-11-19 20:21:52] influxLogger.INFO: Florianne [] []
[2019-11-19 20:21:52] influxLogger.INFO: GET [] []
[2019-11-19 20:21:52] influxLogger.INFO: dev.neurozone.fr [] []
[2019-11-19 20:21:52] influxLogger.INFO: on passe dans ce before [] []
[2019-11-19 20:22:58] influxLogger.INFO: before [] []
[2019-11-19 20:22:58] influxLogger.INFO: /action/read/all/957b5ea6d5f91aea2d2355f895151c2a [] []
[2019-11-19 20:22:58] influxLogger.INFO: Florianne [] []
[2019-11-19 20:22:58] influxLogger.INFO: GET [] []
[2019-11-19 20:22:58] influxLogger.INFO: dev.neurozone.fr [] []
[2019-11-19 20:22:58] influxLogger.INFO: on passe dans ce before [] []
[2019-11-19 20:42:34] influxLogger.INFO: before [] []
[2019-11-19 20:42:34] influxLogger.INFO: /templates/influx/css/favicon.png [] []
[2019-11-19 20:42:34] influxLogger.INFO: Florianne [] []
[2019-11-19 20:42:34] influxLogger.INFO: GET [] []
[2019-11-19 20:42:34] influxLogger.INFO: dev.neurozone.fr [] []
[2019-11-19 20:42:34] influxLogger.INFO: on passe dans ce before [] []
[2019-11-19 20:48:51] influxLogger.INFO: before [] []
[2019-11-19 20:48:51] influxLogger.INFO: /templates/influx/css/favicon.png [] []
[2019-11-19 20:48:51] influxLogger.INFO: Florianne [] []
[2019-11-19 20:48:51] influxLogger.INFO: GET [] []
[2019-11-19 20:48:51] influxLogger.INFO: dev.neurozone.fr [] []
[2019-11-19 20:48:51] influxLogger.INFO: on passe dans ce before [] []
[2019-11-19 20:48:51] influxLogger.INFO: before [] []
[2019-11-19 20:48:51] influxLogger.INFO: /templates/influx/css/favicon.png [] []
[2019-11-19 20:48:51] influxLogger.INFO: Florianne [] []
[2019-11-19 20:48:51] influxLogger.INFO: GET [] []
[2019-11-19 20:48:51] influxLogger.INFO: dev.neurozone.fr [] []
[2019-11-19 20:48:51] influxLogger.INFO: on passe dans ce before [] []
[2019-11-19 20:48:51] influxLogger.INFO: before [] []
[2019-11-19 20:48:51] influxLogger.INFO: / [] []
[2019-11-19 20:48:51] influxLogger.INFO: Florianne [] []
[2019-11-19 20:48:51] influxLogger.INFO: GET [] []
[2019-11-19 20:48:51] influxLogger.INFO: dev.neurozone.fr [] []
[2019-11-19 20:48:51] influxLogger.INFO: on passe dans ce before [] []
[2019-11-19 20:48:52] influxLogger.INFO: before [] []
[2019-11-19 20:48:52] influxLogger.INFO: /favicon.ico [] []
[2019-11-19 20:48:52] influxLogger.INFO: Florianne [] []
[2019-11-19 20:48:52] influxLogger.INFO: GET [] []
[2019-11-19 20:48:52] influxLogger.INFO: dev.neurozone.fr [] []
[2019-11-19 20:48:52] influxLogger.INFO: on passe dans ce before [] []
[2019-11-19 20:48:52] influxLogger.INFO: before [] []
[2019-11-19 20:48:52] influxLogger.INFO: /favicon.ico [] []
[2019-11-19 20:48:52] influxLogger.INFO: Florianne [] []
[2019-11-19 20:48:52] influxLogger.INFO: GET [] []
[2019-11-19 20:48:52] influxLogger.INFO: dev.neurozone.fr [] []
[2019-11-19 20:48:52] influxLogger.INFO: on passe dans ce before [] []
[2019-11-19 21:29:45] influxLogger.INFO: before [] []
[2019-11-19 21:29:45] influxLogger.INFO: / [] []
[2019-11-19 21:29:45] influxLogger.INFO: Florianne [] []
[2019-11-19 21:29:45] influxLogger.INFO: GET [] []
[2019-11-19 21:29:45] influxLogger.INFO: dev.neurozone.fr [] []
[2019-11-19 21:29:45] influxLogger.INFO: on passe dans ce before [] []
[2019-11-19 21:29:45] influxLogger.INFO: before [] []
[2019-11-19 21:29:45] influxLogger.INFO: /templates/influx-ng/css/dashboard.css [] []
[2019-11-19 21:29:45] influxLogger.INFO: Florianne [] []
[2019-11-19 21:29:45] influxLogger.INFO: GET [] []
[2019-11-19 21:29:45] influxLogger.INFO: dev.neurozone.fr [] []
[2019-11-19 21:29:45] influxLogger.INFO: on passe dans ce before [] []
[2019-11-19 21:29:46] influxLogger.INFO: before [] []
[2019-11-19 21:29:46] influxLogger.INFO: /templates/influx-ng/css/dashboard.css [] []
[2019-11-19 21:29:46] influxLogger.INFO: Florianne [] []
[2019-11-19 21:29:46] influxLogger.INFO: GET [] []
[2019-11-19 21:29:46] influxLogger.INFO: dev.neurozone.fr [] []
[2019-11-19 21:29:46] influxLogger.INFO: on passe dans ce before [] []
[2019-11-19 21:36:38] influxLogger.INFO: before [] []
[2019-11-19 21:36:38] influxLogger.INFO: / [] []
[2019-11-19 21:36:38] influxLogger.INFO: Florianne [] []
[2019-11-19 21:36:38] influxLogger.INFO: GET [] []
[2019-11-19 21:36:38] influxLogger.INFO: dev.neurozone.fr [] []
[2019-11-19 21:36:38] influxLogger.INFO: on passe dans ce before [] []
[2019-11-19 21:36:39] influxLogger.INFO: before [] []
[2019-11-19 21:36:39] influxLogger.INFO: /vendor/fontawesome-free/css/all.min.css [] []
[2019-11-19 21:36:39] influxLogger.INFO: Florianne [] []
[2019-11-19 21:36:39] influxLogger.INFO: GET [] []
[2019-11-19 21:36:39] influxLogger.INFO: dev.neurozone.fr [] []
[2019-11-19 21:36:39] influxLogger.INFO: on passe dans ce before [] []
[2019-11-19 21:36:39] influxLogger.INFO: before [] []
[2019-11-19 21:36:39] influxLogger.INFO: /vendor/bootstrap/js/bootstrap.bundle.min.js [] []
[2019-11-19 21:36:39] influxLogger.INFO: Florianne [] []
[2019-11-19 21:36:39] influxLogger.INFO: GET [] []
[2019-11-19 21:36:39] influxLogger.INFO: dev.neurozone.fr [] []
[2019-11-19 21:36:39] influxLogger.INFO: on passe dans ce before [] []
[2019-11-19 21:36:39] influxLogger.INFO: before [] []
[2019-11-19 21:36:39] influxLogger.INFO: /vendor/chart.js/Chart.min.js [] []
[2019-11-19 21:36:39] influxLogger.INFO: Florianne [] []
[2019-11-19 21:36:39] influxLogger.INFO: GET [] []
[2019-11-19 21:36:39] influxLogger.INFO: dev.neurozone.fr [] []
[2019-11-19 21:36:39] influxLogger.INFO: on passe dans ce before [] []
[2019-11-19 21:36:39] influxLogger.INFO: before [] []
[2019-11-19 21:36:39] influxLogger.INFO: /vendor/datatables/jquery.dataTables.js [] []
[2019-11-19 21:36:39] influxLogger.INFO: Florianne [] []
[2019-11-19 21:36:39] influxLogger.INFO: GET [] []
[2019-11-19 21:36:39] influxLogger.INFO: dev.neurozone.fr [] []
[2019-11-19 21:36:39] influxLogger.INFO: on passe dans ce before [] []
[2019-11-19 21:36:39] influxLogger.INFO: before [] []
[2019-11-19 21:36:39] influxLogger.INFO: /vendor/datatables/dataTables.bootstrap4.js [] []
[2019-11-19 21:36:39] influxLogger.INFO: Florianne [] []
[2019-11-19 21:36:39] influxLogger.INFO: GET [] []
[2019-11-19 21:36:39] influxLogger.INFO: dev.neurozone.fr [] []
[2019-11-19 21:36:39] influxLogger.INFO: on passe dans ce before [] []
[2019-11-19 21:36:39] influxLogger.INFO: before [] []
[2019-11-19 21:36:39] influxLogger.INFO: /js/demo/chart-area-demo.js [] []
[2019-11-19 21:36:39] influxLogger.INFO: Florianne [] []
[2019-11-19 21:36:39] influxLogger.INFO: GET [] []
[2019-11-19 21:36:39] influxLogger.INFO: dev.neurozone.fr [] []
[2019-11-19 21:36:39] influxLogger.INFO: on passe dans ce before [] []
[2019-11-19 21:36:39] influxLogger.INFO: before [] []
[2019-11-19 21:36:39] influxLogger.INFO: /js/sb-admin.min.js [] []
[2019-11-19 21:36:39] influxLogger.INFO: Florianne [] []
[2019-11-19 21:36:39] influxLogger.INFO: GET [] []
[2019-11-19 21:36:39] influxLogger.INFO: dev.neurozone.fr [] []
[2019-11-19 21:36:39] influxLogger.INFO: on passe dans ce before [] []
[2019-11-19 21:36:39] influxLogger.INFO: before [] []
[2019-11-19 21:36:39] influxLogger.INFO: /js/demo/datatables-demo.js [] []
[2019-11-19 21:36:39] influxLogger.INFO: Florianne [] []
[2019-11-19 21:36:39] influxLogger.INFO: GET [] []
[2019-11-19 21:36:39] influxLogger.INFO: dev.neurozone.fr [] []
[2019-11-19 21:36:39] influxLogger.INFO: on passe dans ce before [] []
[2019-11-19 21:36:39] influxLogger.INFO: before [] []
[2019-11-19 21:36:39] influxLogger.INFO: /vendor/jquery/jquery.min.js [] []
[2019-11-19 21:36:39] influxLogger.INFO: Florianne [] []
[2019-11-19 21:36:39] influxLogger.INFO: GET [] []
[2019-11-19 21:36:39] influxLogger.INFO: dev.neurozone.fr [] []
[2019-11-19 21:36:39] influxLogger.INFO: on passe dans ce before [] []
[2019-11-19 21:36:39] influxLogger.INFO: before [] []
[2019-11-19 21:36:39] influxLogger.INFO: /css/sb-admin.css [] []
[2019-11-19 21:36:39] influxLogger.INFO: Florianne [] []
[2019-11-19 21:36:39] influxLogger.INFO: GET [] []
[2019-11-19 21:36:39] influxLogger.INFO: dev.neurozone.fr [] []
[2019-11-19 21:36:39] influxLogger.INFO: on passe dans ce before [] []
[2019-11-19 21:36:39] influxLogger.INFO: before [] []
[2019-11-19 21:36:39] influxLogger.INFO: /vendor/datatables/dataTables.bootstrap4.css [] []
[2019-11-19 21:36:39] influxLogger.INFO: Florianne [] []
[2019-11-19 21:36:39] influxLogger.INFO: GET [] []
[2019-11-19 21:36:39] influxLogger.INFO: dev.neurozone.fr [] []
[2019-11-19 21:36:39] influxLogger.INFO: on passe dans ce before [] []
[2019-11-19 21:36:39] influxLogger.INFO: before [] []
[2019-11-19 21:36:39] influxLogger.INFO: /vendor/jquery-easing/jquery.easing.min.js [] []
[2019-11-19 21:36:39] influxLogger.INFO: Florianne [] []
[2019-11-19 21:36:39] influxLogger.INFO: GET [] []
[2019-11-19 21:36:39] influxLogger.INFO: dev.neurozone.fr [] []
[2019-11-19 21:36:39] influxLogger.INFO: on passe dans ce before [] []
[2019-11-19 21:36:39] influxLogger.INFO: before [] []
[2019-11-19 21:36:39] influxLogger.INFO: /vendor/bootstrap/js/bootstrap.bundle.min.js [] []
[2019-11-19 21:36:39] influxLogger.INFO: Florianne [] []
[2019-11-19 21:36:39] influxLogger.INFO: GET [] []
[2019-11-19 21:36:39] influxLogger.INFO: dev.neurozone.fr [] []
[2019-11-19 21:36:39] influxLogger.INFO: on passe dans ce before [] []
[2019-11-19 21:36:39] influxLogger.INFO: before [] []
[2019-11-19 21:36:39] influxLogger.INFO: /vendor/jquery-easing/jquery.easing.min.js [] []
[2019-11-19 21:36:39] influxLogger.INFO: Florianne [] []
[2019-11-19 21:36:39] influxLogger.INFO: GET [] []
[2019-11-19 21:36:39] influxLogger.INFO: dev.neurozone.fr [] []
[2019-11-19 21:36:39] influxLogger.INFO: on passe dans ce before [] []
[2019-11-19 21:36:40] influxLogger.INFO: before [] []
[2019-11-19 21:36:40] influxLogger.INFO: /vendor/chart.js/Chart.min.js [] []
[2019-11-19 21:36:40] influxLogger.INFO: Florianne [] []
[2019-11-19 21:36:40] influxLogger.INFO: GET [] []
[2019-11-19 21:36:40] influxLogger.INFO: dev.neurozone.fr [] []
[2019-11-19 21:36:40] influxLogger.INFO: on passe dans ce before [] []
[2019-11-19 21:36:40] influxLogger.INFO: before [] []
[2019-11-19 21:36:40] influxLogger.INFO: /vendor/datatables/jquery.dataTables.js [] []
[2019-11-19 21:36:40] influxLogger.INFO: Florianne [] []
[2019-11-19 21:36:40] influxLogger.INFO: GET [] []
[2019-11-19 21:36:40] influxLogger.INFO: dev.neurozone.fr [] []
[2019-11-19 21:36:40] influxLogger.INFO: on passe dans ce before [] []
[2019-11-19 21:36:40] influxLogger.INFO: before [] []
[2019-11-19 21:36:40] influxLogger.INFO: /vendor/datatables/dataTables.bootstrap4.js [] []
[2019-11-19 21:36:40] influxLogger.INFO: Florianne [] []
[2019-11-19 21:36:40] influxLogger.INFO: GET [] []
[2019-11-19 21:36:40] influxLogger.INFO: dev.neurozone.fr [] []
[2019-11-19 21:36:40] influxLogger.INFO: on passe dans ce before [] []
[2019-11-19 21:36:40] influxLogger.INFO: before [] []
[2019-11-19 21:36:40] influxLogger.INFO: /js/sb-admin.min.js [] []
[2019-11-19 21:36:40] influxLogger.INFO: Florianne [] []
[2019-11-19 21:36:40] influxLogger.INFO: GET [] []
[2019-11-19 21:36:40] influxLogger.INFO: dev.neurozone.fr [] []
[2019-11-19 21:36:40] influxLogger.INFO: on passe dans ce before [] []
[2019-11-19 21:36:40] influxLogger.INFO: before [] []
[2019-11-19 21:36:40] influxLogger.INFO: /js/demo/datatables-demo.js [] []
[2019-11-19 21:36:40] influxLogger.INFO: Florianne [] []
[2019-11-19 21:36:40] influxLogger.INFO: GET [] []
[2019-11-19 21:36:40] influxLogger.INFO: dev.neurozone.fr [] []
[2019-11-19 21:36:40] influxLogger.INFO: on passe dans ce before [] []
[2019-11-19 21:36:40] influxLogger.INFO: before [] []
[2019-11-19 21:36:40] influxLogger.INFO: /js/demo/chart-area-demo.js [] []
[2019-11-19 21:36:40] influxLogger.INFO: Florianne [] []
[2019-11-19 21:36:40] influxLogger.INFO: GET [] []
[2019-11-19 21:36:40] influxLogger.INFO: dev.neurozone.fr [] []
[2019-11-19 21:36:40] influxLogger.INFO: on passe dans ce before [] []
[2019-11-19 21:42:04] influxLogger.INFO: before [] []
[2019-11-19 21:42:04] influxLogger.INFO: / [] []
[2019-11-19 21:42:04] influxLogger.INFO: Florianne [] []
[2019-11-19 21:42:04] influxLogger.INFO: GET [] []
[2019-11-19 21:42:04] influxLogger.INFO: dev.neurozone.fr [] []
[2019-11-19 21:42:04] influxLogger.INFO: on passe dans ce before [] []
[2019-11-19 21:43:25] influxLogger.INFO: before [] []
[2019-11-19 21:43:25] influxLogger.INFO: / [] []
[2019-11-19 21:43:25] influxLogger.INFO: Florianne [] []
[2019-11-19 21:43:25] influxLogger.INFO: GET [] []
[2019-11-19 21:43:25] influxLogger.INFO: dev.neurozone.fr [] []
[2019-11-19 21:43:25] influxLogger.INFO: on passe dans ce before [] []
[2019-11-19 21:43:41] influxLogger.INFO: before [] []
[2019-11-19 21:43:41] influxLogger.INFO: /login.html [] []
[2019-11-19 21:43:41] influxLogger.INFO: Florianne [] []
[2019-11-19 21:43:41] influxLogger.INFO: GET [] []
[2019-11-19 21:43:41] influxLogger.INFO: dev.neurozone.fr [] []
[2019-11-19 21:43:41] influxLogger.INFO: on passe dans ce before [] []
[2019-11-19 21:44:46] influxLogger.INFO: before [] []
[2019-11-19 21:44:46] influxLogger.INFO: / [] []
[2019-11-19 21:44:46] influxLogger.INFO: Florianne [] []
[2019-11-19 21:44:46] influxLogger.INFO: GET [] []
[2019-11-19 21:44:46] influxLogger.INFO: dev.neurozone.fr [] []
[2019-11-19 21:44:46] influxLogger.INFO: on passe dans ce before [] []
[2019-11-19 21:46:19] influxLogger.INFO: before [] []
[2019-11-19 21:46:19] influxLogger.INFO: / [] []
[2019-11-19 21:46:19] influxLogger.INFO: Florianne [] []
[2019-11-19 21:46:19] influxLogger.INFO: GET [] []
[2019-11-19 21:46:19] influxLogger.INFO: dev.neurozone.fr [] []
[2019-11-19 21:46:19] influxLogger.INFO: on passe dans ce before [] []
